<?xml version="1.0" encoding="UTF-8"?>
<!-- Generated by org.testng.reporters.JUnitReportReporter -->
<testsuite hostname="SAGITEC-2619" failures="0" tests="3" name="runner.RunnerFile" time="17.855" errors="0" timestamp="2024-03-19T19:51:56 IST" skipped="0">
  <testcase classname="runner.RunnerFile" name="runScenario" time="5.528"/>
  <system-out/>
  <testcase classname="runner.RunnerFile" name="runScenario" time="4.916"/>
  <system-out/>
  <testcase classname="runner.RunnerFile" name="runScenario" time="7.411"/>
  <system-out/>
</testsuite> <!-- runner.RunnerFile -->
