<?xml version="1.0" encoding="UTF-8"?>
<!-- Generated by org.testng.reporters.JUnitReportReporter -->
<testsuite hostname="SAGITEC-2619" failures="0" tests="5" name="runner.RunnerFile" time="50.698" errors="0" timestamp="2024-03-08T00:12:15 IST" skipped="0">
  <testcase classname="runner.RunnerFile" name="runScenario" time="9.419"/>
  <system-out/>
  <testcase classname="runner.RunnerFile" name="runScenario" time="9.604"/>
  <system-out/>
  <testcase classname="runner.RunnerFile" name="runScenario" time="8.458"/>
  <system-out/>
  <testcase classname="runner.RunnerFile" name="runScenario" time="14.725"/>
  <system-out/>
  <testcase classname="runner.RunnerFile" name="runScenario" time="8.492"/>
  <system-out/>
</testsuite> <!-- runner.RunnerFile -->
